<?xml version="1.0" encoding="UTF-8"?>
<!-- Generated by org.testng.reporters.JUnitReportReporter -->
<testsuite hostname="Shivaraj" failures="0" tests="1" name="com.planit.Testcases.Demo" time="102.183" errors="0" timestamp="2023-03-01T21:00:17 IST" skipped="0">
  <testcase classname="com.planit.Testcases.Demo" name="demoregistration" time="102.183"/>
  <system-out/>
</testsuite> <!-- com.planit.Testcases.Demo -->
